<?xml version="1.0" encoding="UTF-8" ?>
<testsuite failures="0" time="1.356" errors="0" skipped="0" tests="1" name="olutopas.BeerTest">
  <properties>
    <property name="java.runtime.name" value="Java(TM) SE Runtime Environment"/>
    <property name="sun.boot.library.path" value="/home/vihtola-admin/netbeans/jdk1.6.0_43/jre/lib/i386"/>
    <property name="java.vm.version" value="20.14-b01"/>
    <property name="java.vm.vendor" value="Sun Microsystems Inc."/>
    <property name="java.vendor.url" value="http://java.sun.com/"/>
    <property name="path.separator" value=":"/>
    <property name="guice.disable.misplaced.annotation.check" value="true"/>
    <property name="java.vm.name" value="Java HotSpot(TM) Client VM"/>
    <property name="file.encoding.pkg" value="sun.io"/>
    <property name="user.country" value="FI"/>
    <property name="sun.java.launcher" value="SUN_STANDARD"/>
    <property name="sun.os.patch.level" value="unknown"/>
    <property name="java.vm.specification.name" value="Java Virtual Machine Specification"/>
    <property name="user.dir" value="/home/vihtola-admin/Ohtu/Ohtu_ohtu2013/OlioidenPersistointi/Oluttietokanta1"/>
    <property name="java.runtime.version" value="1.6.0_43-b01"/>
    <property name="java.awt.graphicsenv" value="sun.awt.X11GraphicsEnvironment"/>
    <property name="java.endorsed.dirs" value="/home/vihtola-admin/netbeans/jdk1.6.0_43/jre/lib/endorsed"/>
    <property name="os.arch" value="i386"/>
    <property name="java.io.tmpdir" value="/tmp"/>
    <property name="line.separator" value="
"/>
    <property name="java.vm.specification.vendor" value="Sun Microsystems Inc."/>
    <property name="os.name" value="Linux"/>
    <property name="classworlds.conf" value="/home/vihtola-admin/netbeans/netbeans-7.3/java/maven/bin/m2.conf"/>
    <property name="sun.jnu.encoding" value="UTF-8"/>
    <property name="java.library.path" value="/home/vihtola-admin/netbeans/jdk1.6.0_43/jre/lib/i386/client:/home/vihtola-admin/netbeans/jdk1.6.0_43/jre/lib/i386:/home/vihtola-admin/netbeans/jdk1.6.0_43/jre/../lib/i386:/home/vihtola-admin/netbeans/jdk1.6.0_43/jre/lib/amd64:/home/vihtola-admin/netbeans/jdk1.6.0_43/jre/lib/i386::/usr/java/packages/lib/i386:/lib:/usr/lib"/>
    <property name="java.specification.name" value="Java Platform API Specification"/>
    <property name="java.class.version" value="50.0"/>
    <property name="sun.management.compiler" value="HotSpot Client Compiler"/>
    <property name="os.version" value="3.2.0-36-generic"/>
    <property name="user.home" value="/home/vihtola-admin"/>
    <property name="user.timezone" value="Europe/Helsinki"/>
    <property name="java.awt.printerjob" value="sun.print.PSPrinterJob"/>
    <property name="file.encoding" value="UTF-8"/>
    <property name="java.specification.version" value="1.6"/>
    <property name="user.name" value="vihtola-admin"/>
    <property name="java.class.path" value="/home/vihtola-admin/netbeans/netbeans-7.3/java/maven/boot/plexus-classworlds-2.4.jar"/>
    <property name="java.vm.specification.version" value="1.0"/>
    <property name="sun.arch.data.model" value="32"/>
    <property name="java.home" value="/home/vihtola-admin/netbeans/jdk1.6.0_43/jre"/>
    <property name="sun.java.command" value="org.codehaus.plexus.classworlds.launcher.Launcher install"/>
    <property name="java.specification.vendor" value="Sun Microsystems Inc."/>
    <property name="user.language" value="fi"/>
    <property name="java.vm.info" value="mixed mode, sharing"/>
    <property name="java.version" value="1.6.0_43"/>
    <property name="java.ext.dirs" value="/home/vihtola-admin/netbeans/jdk1.6.0_43/jre/lib/ext:/usr/java/packages/lib/ext"/>
    <property name="securerandom.source" value="file:/dev/./urandom"/>
    <property name="sun.boot.class.path" value="/home/vihtola-admin/netbeans/jdk1.6.0_43/jre/lib/resources.jar:/home/vihtola-admin/netbeans/jdk1.6.0_43/jre/lib/rt.jar:/home/vihtola-admin/netbeans/jdk1.6.0_43/jre/lib/sunrsasign.jar:/home/vihtola-admin/netbeans/jdk1.6.0_43/jre/lib/jsse.jar:/home/vihtola-admin/netbeans/jdk1.6.0_43/jre/lib/jce.jar:/home/vihtola-admin/netbeans/jdk1.6.0_43/jre/lib/charsets.jar:/home/vihtola-admin/netbeans/jdk1.6.0_43/jre/lib/modules/jdk.boot.jar:/home/vihtola-admin/netbeans/jdk1.6.0_43/jre/classes"/>
    <property name="java.vendor" value="Sun Microsystems Inc."/>
    <property name="maven.home" value="/home/vihtola-admin/netbeans/netbeans-7.3/java/maven"/>
    <property name="file.separator" value="/"/>
    <property name="java.vendor.url.bug" value="http://java.sun.com/cgi-bin/bugreport.cgi"/>
    <property name="sun.cpu.endian" value="little"/>
    <property name="sun.io.unicode.encoding" value="UnicodeLittle"/>
    <property name="sun.desktop" value="gnome"/>
    <property name="sun.cpu.isalist" value=""/>
  </properties>
  <testcase time="1.24" classname="olutopas.BeerTest" name="brewerySavedCorrectly"/>
</testsuite>